<?xml version="1.0" encoding="UTF-8"?>
<!-- Generated by org.testng.reporters.JUnitXMLReporter -->
<testsuite ignored="8" hostname="EN911466" failures="0" tests="1" name="Regression1" time="3.377" errors="0" timestamp="2022-03-07T17:28:31 COT">
  <testcase classname="TMDB" name="getRequestToken" time="3.266"/>
  <testcase classname="TMDB" name="postValidateToken" time="0.0">
    <ignored/>
  </testcase> <!-- postValidateToken -->
  <testcase classname="TMDB" name="postRateMovie" time="0.0">
    <ignored/>
  </testcase> <!-- postRateMovie -->
  <testcase classname="TMDB" name="deleteDetailsList" time="0.0">
    <ignored/>
  </testcase> <!-- deleteDetailsList -->
  <testcase classname="TMDB" name="postAddMovies" time="0.0">
    <ignored/>
  </testcase> <!-- postAddMovies -->
  <testcase classname="TMDB" name="postCreateList" time="0.0">
    <ignored/>
  </testcase> <!-- postCreateList -->
  <testcase classname="TMDB" name="postClearList" time="0.0">
    <ignored/>
  </testcase> <!-- postClearList -->
  <testcase classname="TMDB" name="getMovieDetails" time="0.0">
    <ignored/>
  </testcase> <!-- getMovieDetails -->
  <testcase classname="TMDB" name="postCreateSession" time="0.0">
    <ignored/>
  </testcase> <!-- postCreateSession -->
</testsuite> <!-- Regression1 -->
