-------------------------------------------------------------------------------
Test set: TestSuite
-------------------------------------------------------------------------------
Tests run: 3, Failures: 1, Errors: 0, Skipped: 0, Time elapsed: 3.399 s <<< FAILURE! - in TestSuite
TMDB.postCreateSession  Time elapsed: 0.583 s  <<< FAILURE!
java.lang.AssertionError: 
1 expectation failed.
Expected status code <200> but was <401>.

	at TMDB.postCreateSession(TMDB.java:21)

