<?xml version="1.0" encoding="UTF-8"?>
<testng-results ignored="8" total="9" passed="1" failed="0" skipped="0">
  <reporter-output>
  </reporter-output>
  <suite started-at="2022-03-07T17:28:27 COT" name="Suite1" finished-at="2022-03-07T17:28:31 COT" duration-ms="3377">
    <groups>
      <group name="group0">
        <method signature="TMDB.getRequestToken()[pri:0, instance:TMDB@242b836]" name="getRequestToken" class="TMDB"/>
      </group> <!-- group0 -->
      <group name="group1">
        <method signature="TMDB.getRequestToken()[pri:0, instance:TMDB@242b836]" name="getRequestToken" class="TMDB"/>
      </group> <!-- group1 -->
    </groups>
    <test started-at="2022-03-07T17:28:27 COT" name="Regression1" finished-at="2022-03-07T17:28:31 COT" duration-ms="3377">
      <class name="TMDB">
        <test-method signature="getRequestToken()[pri:0, instance:TMDB@242b836]" started-at="2022-03-07T17:28:27 COT" name="getRequestToken" finished-at="2022-03-07T17:28:31 COT" duration-ms="3266" status="PASS">
          <reporter-output>
          </reporter-output>
        </test-method> <!-- getRequestToken -->
      </class> <!-- TMDB -->
    </test> <!-- Regression1 -->
  </suite> <!-- Suite1 -->
</testng-results>
